[0806/091751:INFO:exception_record.cc(518)] [QB]Process ID: 18332 Type: 2
[0808/095800:INFO:exception_record.cc(518)] [QB]Process ID: 19064 Type: 2
[0808/095801:WARNING:quota_manager.cc(1833)] Create directory failed for path
[0808/095801:WARNING:quota_manager.cc(1833)] Create directory failed for path
[0808/102801:WARNING:quota_manager.cc(1833)] Create directory failed for path
[0808/102801:WARNING:quota_manager.cc(1833)] Create directory failed for path
[0808/105801:WARNING:quota_manager.cc(1833)] Create directory failed for path
[0808/112801:WARNING:quota_manager.cc(1833)] Create directory failed for path
[0808/115801:WARNING:quota_manager.cc(1833)] Create directory failed for path
[0808/122801:WARNING:quota_manager.cc(1833)] Create directory failed for path
[0808/125801:WARNING:quota_manager.cc(1833)] Create directory failed for path
[0808/132801:WARNING:quota_manager.cc(1833)] Create directory failed for path
[0808/135801:WARNING:quota_manager.cc(1833)] Create directory failed for path
[0808/142801:WARNING:quota_manager.cc(1833)] Create directory failed for path
[0808/145801:WARNING:quota_manager.cc(1833)] Create directory failed for path
[0808/152801:WARNING:quota_manager.cc(1833)] Create directory failed for path
[0808/155801:WARNING:quota_manager.cc(1833)] Create directory failed for path
[0808/162801:WARNING:quota_manager.cc(1833)] Create directory failed for path
[0808/165801:WARNING:quota_manager.cc(1833)] Create directory failed for path
[0808/172801:WARNING:quota_manager.cc(1833)] Create directory failed for path
[0813/011742:WARNING:dns_config_service_win.cc(674)] Failed to read DnsConfig.
[0813/173237:INFO:exception_record.cc(518)] [QB]Process ID: 20768 Type: 2
[0814/104048:INFO:exception_record.cc(518)] [QB]Process ID: 21180 Type: 2
[0814/185333:WARNING:dns_config_service_win.cc(674)] Failed to read DnsConfig.
[0814/185338:WARNING:dns_config_service_win.cc(674)] Failed to read DnsConfig.
[0814/185343:WARNING:dns_config_service_win.cc(674)] Failed to read DnsConfig.
[0814/185347:WARNING:dns_config_service_win.cc(674)] Failed to read DnsConfig.
[0814/185348:WARNING:dns_config_service_win.cc(674)] Failed to read DnsConfig.
[0816/152331:INFO:exception_record.cc(518)] [QB]Process ID: 9100 Type: 2
[0816/152338:INFO:http_cache_transaction.cc(72)] IgnoreZeroCacheError: 0
[0820/091809:INFO:exception_record.cc(518)] [QB]Process ID: 8300 Type: 2
[0820/091810:INFO:http_cache_transaction.cc(72)] IgnoreZeroCacheError: 0
[0820/091813:WARNING:webmediaplayer_impl.cc(341)] Using MultibufferDataSource
[0820/091813:ERROR:ffmpeg_demuxer.cc(1510)] media::FFmpegDemuxer::OnReadFrameDone result=-541478725 IsMaxMemoryUsageReached=0
[0826/133748:INFO:exception_record.cc(518)] [QB]Process ID: 16000 Type: 2
[0826/133749:WARNING:quota_manager.cc(1833)] Create directory failed for path
[0826/133749:WARNING:quota_manager.cc(1833)] Create directory failed for path
[0826/133805:WARNING:quota_manager.cc(1833)] Create directory failed for path
[0826/133851:WARNING:spdy_session.cc(2682)] Received WINDOW_UPDATE for invalid stream 79
[0826/133907:WARNING:quota_manager.cc(1833)] Create directory failed for path
[0826/133919:WARNING:spdy_session.cc(2682)] Received WINDOW_UPDATE for invalid stream 133
[0826/133952:WARNING:quota_manager.cc(1833)] Create directory failed for path
[0826/134000:WARNING:spdy_session.cc(2682)] Received WINDOW_UPDATE for invalid stream 187
[0826/140749:WARNING:quota_manager.cc(1833)] Create directory failed for path
[0826/143749:WARNING:quota_manager.cc(1833)] Create directory failed for path
[0826/150749:WARNING:quota_manager.cc(1833)] Create directory failed for path
[0826/153749:WARNING:quota_manager.cc(1833)] Create directory failed for path
[0826/160749:WARNING:quota_manager.cc(1833)] Create directory failed for path
[0826/163749:WARNING:quota_manager.cc(1833)] Create directory failed for path
[0826/170749:WARNING:quota_manager.cc(1833)] Create directory failed for path
[0826/173749:WARNING:quota_manager.cc(1833)] Create directory failed for path
[0826/180749:WARNING:quota_manager.cc(1833)] Create directory failed for path
[0826/183749:WARNING:quota_manager.cc(1833)] Create directory failed for path
[0826/190749:WARNING:quota_manager.cc(1833)] Create directory failed for path
[0826/193749:WARNING:quota_manager.cc(1833)] Create directory failed for path
[0826/200749:WARNING:quota_manager.cc(1833)] Create directory failed for path
[0826/203749:WARNING:quota_manager.cc(1833)] Create directory failed for path
[0826/210749:WARNING:quota_manager.cc(1833)] Create directory failed for path
[0826/213749:WARNING:quota_manager.cc(1833)] Create directory failed for path
[0826/220749:WARNING:quota_manager.cc(1833)] Create directory failed for path
[0826/223749:WARNING:quota_manager.cc(1833)] Create directory failed for path
[0826/230749:WARNING:quota_manager.cc(1833)] Create directory failed for path
[0826/233749:WARNING:quota_manager.cc(1833)] Create directory failed for path
[0827/000749:WARNING:quota_manager.cc(1833)] Create directory failed for path
[0827/003749:WARNING:quota_manager.cc(1833)] Create directory failed for path
[0827/010749:WARNING:quota_manager.cc(1833)] Create directory failed for path
[0827/013749:WARNING:quota_manager.cc(1833)] Create directory failed for path
[0827/020749:WARNING:quota_manager.cc(1833)] Create directory failed for path
[0827/023749:WARNING:quota_manager.cc(1833)] Create directory failed for path
[0827/030749:WARNING:quota_manager.cc(1833)] Create directory failed for path
[0827/033749:WARNING:quota_manager.cc(1833)] Create directory failed for path
[0827/040749:WARNING:quota_manager.cc(1833)] Create directory failed for path
[0827/043749:WARNING:quota_manager.cc(1833)] Create directory failed for path
[0827/050749:WARNING:quota_manager.cc(1833)] Create directory failed for path
[0827/053749:WARNING:quota_manager.cc(1833)] Create directory failed for path
[0827/060749:WARNING:quota_manager.cc(1833)] Create directory failed for path
[0827/063749:WARNING:quota_manager.cc(1833)] Create directory failed for path
[0827/070749:WARNING:quota_manager.cc(1833)] Create directory failed for path
[0827/073749:WARNING:quota_manager.cc(1833)] Create directory failed for path
[0827/080749:WARNING:quota_manager.cc(1833)] Create directory failed for path
[0827/083749:WARNING:quota_manager.cc(1833)] Create directory failed for path
[0827/090749:WARNING:quota_manager.cc(1833)] Create directory failed for path
[0827/093749:WARNING:quota_manager.cc(1833)] Create directory failed for path
[0827/100749:WARNING:quota_manager.cc(1833)] Create directory failed for path
[0827/103749:WARNING:quota_manager.cc(1833)] Create directory failed for path
[0827/110749:WARNING:quota_manager.cc(1833)] Create directory failed for path
[0827/113749:WARNING:quota_manager.cc(1833)] Create directory failed for path
[0827/120749:WARNING:quota_manager.cc(1833)] Create directory failed for path
[0827/123749:WARNING:quota_manager.cc(1833)] Create directory failed for path
[0827/130749:WARNING:quota_manager.cc(1833)] Create directory failed for path
[0827/133749:WARNING:quota_manager.cc(1833)] Create directory failed for path
[0827/140749:WARNING:quota_manager.cc(1833)] Create directory failed for path
[0827/143749:WARNING:quota_manager.cc(1833)] Create directory failed for path
[0827/150749:WARNING:quota_manager.cc(1833)] Create directory failed for path
[0827/153749:WARNING:quota_manager.cc(1833)] Create directory failed for path
[0827/160749:WARNING:quota_manager.cc(1833)] Create directory failed for path
[0827/163749:WARNING:quota_manager.cc(1833)] Create directory failed for path
[0827/170749:WARNING:quota_manager.cc(1833)] Create directory failed for path
[0827/173749:WARNING:quota_manager.cc(1833)] Create directory failed for path
[0827/180749:WARNING:quota_manager.cc(1833)] Create directory failed for path
[0827/183408:WARNING:dns_config_service_win.cc(674)] Failed to read DnsConfig.
[0827/184542:WARNING:quota_manager.cc(1833)] Create directory failed for path
[0827/184542:WARNING:dns_config_service_win.cc(674)] Failed to read DnsConfig.
[0827/184942:WARNING:dns_config_service_win.cc(674)] Failed to read DnsConfig.
[0828/080445:WARNING:quota_manager.cc(1833)] Create directory failed for path
[0828/080445:WARNING:dns_config_service_win.cc(674)] Failed to read DnsConfig.
[0828/083444:WARNING:quota_manager.cc(1833)] Create directory failed for path
[0828/090444:WARNING:quota_manager.cc(1833)] Create directory failed for path
[0828/165554:INFO:exception_record.cc(518)] [QB]Process ID: 13620 Type: 2
[0906/133610:INFO:exception_record.cc(518)] [QB]Process ID: 17476 Type: 2
[0906/133612:INFO:exception_record.cc(518)] [QB]Process ID: 8404 Type: 2
